2026-04-24 05:28:40 INFO  com.myntra.hooks.Hooks - Browser is opened..!
2026-04-24 05:28:46 INFO  com.myntra.stepdefinitions.ProductDetailPageSteps - Brand on PLP: MAEJOY
2026-04-24 05:28:48 INFO  com.myntra.stepdefinitions.ProductDetailPageSteps - Brand on PDP: MAEJOY
2026-04-24 05:40:54 INFO  com.myntra.hooks.Hooks - Browser is opened..!
2026-04-24 05:52:17 INFO  com.myntra.hooks.Hooks - Browser is opened..!
2026-04-24 05:53:04 INFO  com.myntra.stepdefinitions.ProductDetailPageSteps - Current URL: https://www.myntra.com/stoles/sangria/-sangria-wool-faux-pashmina-embroidery-shawl/37156233/buy
2026-04-24 05:53:14 INFO  com.myntra.hooks.Hooks - Browser is opened..!
2026-04-24 05:54:48 INFO  com.myntra.stepdefinitions.ProductDetailPageSteps - Brand on PLP: MAEJOY
2026-04-24 05:56:24 INFO  com.myntra.stepdefinitions.ProductDetailPageSteps - Brand on PDP: MAEJOY
2026-04-24 05:59:59 INFO  com.myntra.hooks.Hooks - Browser is opened..!
2026-04-24 06:15:27 INFO  com.myntra.hooks.Hooks - Browser is opened..!
2026-04-24 06:22:05 INFO  com.myntra.hooks.Hooks - Browser is opened..!
2026-04-24 06:32:11 INFO  com.myntra.hooks.Hooks - Browser is opened..!
2026-04-24 11:34:35 DEBUG org.apache.poi.openxml4j.opc.PackageRelationshipCollection - Parsing relationship: /xl/_rels/workbook.xml.rels
2026-04-24 11:34:35 DEBUG org.apache.poi.openxml4j.opc.PackageRelationshipCollection - Parsing relationship: /_rels/.rels
2026-04-24 11:34:45 INFO  com.myntra.tests.ProductListingPageTests - URL: https://www.myntra.com/fusion-wear?f=Categories%3AKurtas
2026-04-24 11:34:53 INFO  com.myntra.tests.ProductListingPageTests - URL: https://www.myntra.com/fusion-wear?f=Categories%3ASarees
2026-04-24 11:35:03 INFO  com.myntra.tests.ProductListingPageTests - URL: https://www.myntra.com/fusion-wear?f=Categories%3ADress%20Material
2026-04-24 11:35:12 INFO  com.myntra.tests.ProductListingPageTests - URL: https://www.myntra.com/fusion-wear?f=Categories%3AEthnic%20Dresses
2026-04-24 11:35:23 INFO  com.myntra.tests.ProductListingPageTests - URL: https://www.myntra.com/fusion-wear?f=Categories%3AKurta%20Sets
2026-04-24 14:12:01 INFO  com.myntra.hooks.Hooks - Browser is opened..!
2026-04-24 14:12:05 INFO  com.myntra.stepdefinitions.HomePageTestSteps - Browser launched
2026-04-24 14:12:05 INFO  com.myntra.stepdefinitions.HomePageTestSteps - Clicked Women menu
2026-04-24 14:12:05 INFO  com.myntra.stepdefinitions.HomePageTestSteps - Women page displayed
2026-04-24 14:12:06 INFO  com.myntra.hooks.Hooks - Browser is opened..!
2026-04-24 14:12:10 INFO  com.myntra.stepdefinitions.HomePageTestSteps - User is on home page
2026-04-24 14:12:10 INFO  com.myntra.stepdefinitions.HomePageTestSteps - User opens Women page
2026-04-24 14:12:10 INFO  com.myntra.stepdefinitions.HomePageTestSteps - Verifying categories list is displayed under Women section
2026-04-24 14:12:10 INFO  com.myntra.stepdefinitions.HomePageTestSteps - Women categories are displayed successfully
2026-04-24 14:12:11 INFO  com.myntra.hooks.Hooks - Browser is opened..!
2026-04-24 14:12:20 INFO  com.myntra.hooks.Hooks - Browser is opened..!
2026-04-24 14:12:27 INFO  com.myntra.hooks.Hooks - Browser is opened..!
2026-04-24 14:12:30 INFO  com.myntra.stepdefinitions.HomePageTestSteps - User pressed search without entering any product
2026-04-24 14:12:30 WARN  com.myntra.stepdefinitions.HomePageTestSteps - Blank search handled correctly
2026-04-24 14:12:32 INFO  com.myntra.hooks.Hooks - Browser is opened..!
2026-04-24 14:12:39 INFO  com.myntra.stepdefinitions.HomePageTestSteps - Search for product: Kurtas
2026-04-24 14:12:39 INFO  com.myntra.stepdefinitions.HomePageTestSteps - Search results verified for: Kurtas
2026-04-24 14:12:41 INFO  com.myntra.hooks.Hooks - Browser is opened..!
2026-04-24 14:12:48 INFO  com.myntra.stepdefinitions.HomePageTestSteps - Search for product: Kurtis
2026-04-24 14:12:49 INFO  com.myntra.stepdefinitions.HomePageTestSteps - Search results verified for: Kurtis
2026-04-24 14:12:50 INFO  com.myntra.hooks.Hooks - Browser is opened..!
2026-04-24 14:12:57 INFO  com.myntra.stepdefinitions.HomePageTestSteps - Search for product: Sarees
2026-04-24 14:12:57 INFO  com.myntra.stepdefinitions.HomePageTestSteps - Search results verified for: Sarees
2026-04-24 14:12:59 INFO  com.myntra.hooks.Hooks - Browser is opened..!
2026-04-24 14:13:07 INFO  com.myntra.stepdefinitions.HomePageTestSteps - Search for product: Ethnic Wear
2026-04-24 14:13:07 INFO  com.myntra.stepdefinitions.HomePageTestSteps - Search results verified for: Ethnic Wear
2026-04-24 14:13:10 INFO  com.myntra.hooks.Hooks - Browser is opened..!
2026-04-24 14:13:17 INFO  com.myntra.hooks.Hooks - Browser is opened..!
2026-04-24 14:13:27 INFO  com.myntra.stepdefinitions.HomePageTestSteps - Search for product: Skirts
2026-04-24 14:13:27 INFO  com.myntra.stepdefinitions.HomePageTestSteps - Search results verified for: Skirts
2026-04-24 14:13:31 INFO  com.myntra.hooks.Hooks - Browser is opened..!
2026-04-24 14:13:39 INFO  com.myntra.stepdefinitions.HomePageTestSteps - Search for product: Dress Materials
2026-04-24 14:13:39 INFO  com.myntra.stepdefinitions.HomePageTestSteps - Search results verified for: Dress Materials
2026-04-24 14:13:42 INFO  com.myntra.hooks.Hooks - Browser is opened..!
2026-04-24 14:13:51 INFO  com.myntra.stepdefinitions.HomePageTestSteps - Search for product: Lehenga Cholis
2026-04-24 14:13:51 INFO  com.myntra.stepdefinitions.HomePageTestSteps - Search results verified for: Lehenga Cholis
2026-04-24 14:13:53 INFO  com.myntra.hooks.Hooks - Browser is opened..!
2026-04-24 14:14:05 INFO  com.myntra.stepdefinitions.HomePageTestSteps - Search for product: Dupattas
2026-04-24 14:14:05 INFO  com.myntra.stepdefinitions.HomePageTestSteps - Search results verified for: Dupattas
2026-04-24 14:14:08 INFO  com.myntra.hooks.Hooks - Browser is opened..!
2026-04-24 14:14:24 INFO  com.myntra.stepdefinitions.HomePageTestSteps - Search for product: Jackets
2026-04-24 14:14:33 INFO  com.myntra.stepdefinitions.HomePageTestSteps - Search results verified for: Jackets
2026-04-24 14:14:39 INFO  com.myntra.hooks.Hooks - Browser is opened..!
2026-04-24 14:14:50 INFO  com.myntra.stepdefinitions.HomePageTestSteps - Search for product: Dresses
2026-04-24 14:14:51 INFO  com.myntra.stepdefinitions.HomePageTestSteps - Search results verified for: Dresses
2026-04-24 14:15:02 INFO  com.myntra.hooks.Hooks - Browser is opened..!
2026-04-24 14:15:37 INFO  com.myntra.stepdefinitions.HomePageTestSteps - Search for product: Tops
2026-04-24 14:15:39 INFO  com.myntra.stepdefinitions.HomePageTestSteps - Search results verified for: Tops
2026-04-24 14:17:52 INFO  com.myntra.hooks.Hooks - Browser is opened..!
2026-04-24 14:18:26 INFO  com.myntra.stepdefinitions.HomePageTestSteps - Search for product: Trousers
2026-04-24 14:18:38 INFO  com.myntra.stepdefinitions.HomePageTestSteps - Search results verified for: Trousers
2026-04-24 14:19:17 INFO  com.myntra.hooks.Hooks - Browser is opened..!
2026-04-24 14:20:16 INFO  com.myntra.stepdefinitions.HomePageTestSteps - Search for product: Shorts
2026-04-24 14:20:22 INFO  com.myntra.stepdefinitions.HomePageTestSteps - Search results verified for: Shorts
2026-04-24 14:21:09 INFO  com.myntra.hooks.Hooks - Browser is opened..!
2026-04-24 14:21:25 INFO  com.myntra.stepdefinitions.HomePageTestSteps - Search for product: Co-ords
2026-04-24 14:21:25 INFO  com.myntra.stepdefinitions.HomePageTestSteps - Search results verified for: Co-ords
2026-04-24 14:21:36 INFO  com.myntra.hooks.Hooks - Browser is opened..!
2026-04-24 14:21:52 INFO  com.myntra.stepdefinitions.HomePageTestSteps - Search for product: Playsuits
2026-04-24 14:21:53 INFO  com.myntra.stepdefinitions.HomePageTestSteps - Search results verified for: Playsuits
2026-04-24 14:22:16 INFO  com.myntra.hooks.Hooks - Browser is opened..!
2026-04-24 14:22:40 INFO  com.myntra.stepdefinitions.HomePageTestSteps - Search for product: Jumpsuits
2026-04-24 14:22:41 INFO  com.myntra.stepdefinitions.HomePageTestSteps - Search results verified for: Jumpsuits
2026-04-24 14:22:56 INFO  com.myntra.hooks.Hooks - Browser is opened..!
2026-04-24 14:23:40 INFO  com.myntra.hooks.Hooks - Browser is opened..!
2026-04-24 14:24:49 INFO  com.myntra.hooks.Hooks - Browser is opened..!
2026-04-24 14:25:21 INFO  com.myntra.hooks.Hooks - Browser is opened..!
2026-04-24 14:26:04 INFO  com.myntra.stepdefinitions.ProductDetailPageSteps - Current URL: https://www.myntra.com/ethnic-dresses/sangria/sangria-printed-midi-a-line-dress/36635229/buy
2026-04-24 14:26:10 INFO  com.myntra.hooks.Hooks - Browser is opened..!
2026-04-24 14:26:33 INFO  com.myntra.stepdefinitions.ProductDetailPageSteps - Brand on PLP: TWIN BIRDS
2026-04-24 14:26:53 INFO  com.myntra.stepdefinitions.ProductDetailPageSteps - Brand on PDP: TWIN BIRDS
2026-04-24 14:27:02 INFO  com.myntra.hooks.Hooks - Browser is opened..!
2026-04-24 14:28:36 INFO  com.myntra.hooks.Hooks - Browser is opened..!
2026-04-24 16:14:36 INFO  com.myntra.hooks.Hooks - Browser is opened..!
2026-04-24 16:14:38 INFO  com.myntra.stepdefinitions.HomePageTestSteps - Browser launched
2026-04-24 16:14:38 INFO  com.myntra.stepdefinitions.HomePageTestSteps - Clicked Women menu
2026-04-24 16:14:38 INFO  com.myntra.stepdefinitions.HomePageTestSteps - Women page displayed
2026-04-24 16:14:38 INFO  com.myntra.hooks.Hooks - Driver is Quit successfully....!
2026-04-24 16:14:39 INFO  com.myntra.hooks.Hooks - Browser is opened..!
2026-04-24 16:14:42 INFO  com.myntra.stepdefinitions.HomePageTestSteps - User is on home page
2026-04-24 16:14:42 INFO  com.myntra.stepdefinitions.HomePageTestSteps - User opens Women page
2026-04-24 16:14:42 INFO  com.myntra.stepdefinitions.HomePageTestSteps - Verifying categories list is displayed under Women section
2026-04-24 16:14:42 INFO  com.myntra.stepdefinitions.HomePageTestSteps - Women categories are displayed successfully
2026-04-24 16:14:43 INFO  com.myntra.hooks.Hooks - Driver is Quit successfully....!
2026-04-24 16:14:44 INFO  com.myntra.hooks.Hooks - Browser is opened..!
2026-04-24 16:14:48 INFO  com.myntra.hooks.Hooks - Driver is Quit successfully....!
2026-04-24 16:14:49 INFO  com.myntra.hooks.Hooks - Browser is opened..!
2026-04-24 16:14:55 INFO  com.myntra.hooks.Hooks - Driver is Quit successfully....!
2026-04-24 16:14:56 INFO  com.myntra.hooks.Hooks - Browser is opened..!
2026-04-24 16:14:58 INFO  com.myntra.stepdefinitions.HomePageTestSteps - User pressed search without entering any product
2026-04-24 16:14:58 WARN  com.myntra.stepdefinitions.HomePageTestSteps - Blank search handled correctly
2026-04-24 16:14:58 INFO  com.myntra.hooks.Hooks - Driver is Quit successfully....!
2026-04-24 16:15:00 INFO  com.myntra.hooks.Hooks - Browser is opened..!
2026-04-24 16:15:06 INFO  com.myntra.stepdefinitions.HomePageTestSteps - Search for product: Kurtas
2026-04-24 16:15:06 INFO  com.myntra.stepdefinitions.HomePageTestSteps - Search results verified for: Kurtas
2026-04-24 16:15:06 INFO  com.myntra.hooks.Hooks - Driver is Quit successfully....!
2026-04-24 16:15:07 INFO  com.myntra.hooks.Hooks - Browser is opened..!
2026-04-24 16:15:12 INFO  com.myntra.stepdefinitions.HomePageTestSteps - Search for product: Kurtis
2026-04-24 16:15:12 INFO  com.myntra.stepdefinitions.HomePageTestSteps - Search results verified for: Kurtis
2026-04-24 16:15:12 INFO  com.myntra.hooks.Hooks - Driver is Quit successfully....!
2026-04-24 16:15:13 INFO  com.myntra.hooks.Hooks - Browser is opened..!
2026-04-24 16:15:19 INFO  com.myntra.stepdefinitions.HomePageTestSteps - Search for product: Sarees
2026-04-24 16:15:19 INFO  com.myntra.stepdefinitions.HomePageTestSteps - Search results verified for: Sarees
2026-04-24 16:15:19 INFO  com.myntra.hooks.Hooks - Driver is Quit successfully....!
2026-04-24 16:15:20 INFO  com.myntra.hooks.Hooks - Browser is opened..!
2026-04-24 16:15:26 INFO  com.myntra.stepdefinitions.HomePageTestSteps - Search for product: Ethnic Wear
2026-04-24 16:15:26 INFO  com.myntra.stepdefinitions.HomePageTestSteps - Search results verified for: Ethnic Wear
2026-04-24 16:15:27 INFO  com.myntra.hooks.Hooks - Driver is Quit successfully....!
2026-04-24 16:15:28 INFO  com.myntra.hooks.Hooks - Browser is opened..!
2026-04-24 16:15:34 INFO  com.myntra.stepdefinitions.HomePageTestSteps - Search for product: Leggings
2026-04-24 16:15:34 INFO  com.myntra.stepdefinitions.HomePageTestSteps - Search results verified for: Leggings
2026-04-24 16:15:35 INFO  com.myntra.hooks.Hooks - Driver is Quit successfully....!
2026-04-24 16:15:36 INFO  com.myntra.hooks.Hooks - Browser is opened..!
2026-04-24 16:15:41 INFO  com.myntra.stepdefinitions.HomePageTestSteps - Search for product: Skirts
2026-04-24 16:15:41 INFO  com.myntra.stepdefinitions.HomePageTestSteps - Search results verified for: Skirts
2026-04-24 16:15:42 INFO  com.myntra.hooks.Hooks - Driver is Quit successfully....!
2026-04-24 16:15:43 INFO  com.myntra.hooks.Hooks - Browser is opened..!
2026-04-24 16:15:48 INFO  com.myntra.stepdefinitions.HomePageTestSteps - Search for product: Dress Materials
2026-04-24 16:15:48 INFO  com.myntra.stepdefinitions.HomePageTestSteps - Search results verified for: Dress Materials
2026-04-24 16:15:49 INFO  com.myntra.hooks.Hooks - Driver is Quit successfully....!
2026-04-24 16:15:49 INFO  com.myntra.hooks.Hooks - Browser is opened..!
2026-04-24 16:15:55 INFO  com.myntra.stepdefinitions.HomePageTestSteps - Search for product: Lehenga Cholis
2026-04-24 16:15:55 INFO  com.myntra.stepdefinitions.HomePageTestSteps - Search results verified for: Lehenga Cholis
2026-04-24 16:15:55 INFO  com.myntra.hooks.Hooks - Driver is Quit successfully....!
2026-04-24 16:15:56 INFO  com.myntra.hooks.Hooks - Browser is opened..!
2026-04-24 16:16:02 INFO  com.myntra.stepdefinitions.HomePageTestSteps - Search for product: Dupattas
2026-04-24 16:16:02 INFO  com.myntra.stepdefinitions.HomePageTestSteps - Search results verified for: Dupattas
2026-04-24 16:16:02 INFO  com.myntra.hooks.Hooks - Driver is Quit successfully....!
2026-04-24 16:16:03 INFO  com.myntra.hooks.Hooks - Browser is opened..!
2026-04-24 16:16:09 INFO  com.myntra.stepdefinitions.HomePageTestSteps - Search for product: Jackets
2026-04-24 16:16:09 INFO  com.myntra.stepdefinitions.HomePageTestSteps - Search results verified for: Jackets
2026-04-24 16:16:10 INFO  com.myntra.hooks.Hooks - Driver is Quit successfully....!
2026-04-24 16:16:11 INFO  com.myntra.hooks.Hooks - Browser is opened..!
2026-04-24 16:16:16 INFO  com.myntra.stepdefinitions.HomePageTestSteps - Search for product: Dresses
2026-04-24 16:16:16 INFO  com.myntra.stepdefinitions.HomePageTestSteps - Search results verified for: Dresses
2026-04-24 16:16:17 INFO  com.myntra.hooks.Hooks - Driver is Quit successfully....!
2026-04-24 16:16:18 INFO  com.myntra.hooks.Hooks - Browser is opened..!
2026-04-24 16:16:23 INFO  com.myntra.stepdefinitions.HomePageTestSteps - Search for product: Tops
2026-04-24 16:16:23 INFO  com.myntra.stepdefinitions.HomePageTestSteps - Search results verified for: Tops
2026-04-24 16:16:23 INFO  com.myntra.hooks.Hooks - Driver is Quit successfully....!
2026-04-24 16:16:24 INFO  com.myntra.hooks.Hooks - Browser is opened..!
2026-04-24 16:16:29 INFO  com.myntra.stepdefinitions.HomePageTestSteps - Search for product: Tshirts
2026-04-24 16:16:29 INFO  com.myntra.stepdefinitions.HomePageTestSteps - Search results verified for: Tshirts
2026-04-24 16:16:29 INFO  com.myntra.hooks.Hooks - Driver is Quit successfully....!
2026-04-24 16:16:30 INFO  com.myntra.hooks.Hooks - Browser is opened..!
2026-04-24 16:16:35 INFO  com.myntra.stepdefinitions.HomePageTestSteps - Search for product: Jeans
2026-04-24 16:16:35 INFO  com.myntra.stepdefinitions.HomePageTestSteps - Search results verified for: Jeans
2026-04-24 16:16:35 INFO  com.myntra.hooks.Hooks - Driver is Quit successfully....!
2026-04-24 16:16:36 INFO  com.myntra.hooks.Hooks - Browser is opened..!
2026-04-24 16:16:42 INFO  com.myntra.stepdefinitions.HomePageTestSteps - Search for product: Trousers
2026-04-24 16:16:42 INFO  com.myntra.stepdefinitions.HomePageTestSteps - Search results verified for: Trousers
2026-04-24 16:16:43 INFO  com.myntra.hooks.Hooks - Driver is Quit successfully....!
2026-04-24 16:16:43 INFO  com.myntra.hooks.Hooks - Browser is opened..!
2026-04-24 16:16:48 INFO  com.myntra.stepdefinitions.HomePageTestSteps - Search for product: Shorts
2026-04-24 16:16:48 INFO  com.myntra.stepdefinitions.HomePageTestSteps - Search results verified for: Shorts
2026-04-24 16:16:49 INFO  com.myntra.hooks.Hooks - Driver is Quit successfully....!
2026-04-24 16:16:49 INFO  com.myntra.hooks.Hooks - Browser is opened..!
2026-04-24 16:16:55 INFO  com.myntra.stepdefinitions.HomePageTestSteps - Search for product: Co-ords
2026-04-24 16:16:55 INFO  com.myntra.stepdefinitions.HomePageTestSteps - Search results verified for: Co-ords
2026-04-24 16:16:56 INFO  com.myntra.hooks.Hooks - Driver is Quit successfully....!
2026-04-24 16:16:57 INFO  com.myntra.hooks.Hooks - Browser is opened..!
2026-04-24 16:17:02 INFO  com.myntra.stepdefinitions.HomePageTestSteps - Search for product: Playsuits
2026-04-24 16:17:02 INFO  com.myntra.stepdefinitions.HomePageTestSteps - Search results verified for: Playsuits
2026-04-24 16:17:03 INFO  com.myntra.hooks.Hooks - Driver is Quit successfully....!
2026-04-24 16:17:04 INFO  com.myntra.hooks.Hooks - Browser is opened..!
2026-04-24 16:17:09 INFO  com.myntra.stepdefinitions.HomePageTestSteps - Search for product: Jumpsuits
2026-04-24 16:17:09 INFO  com.myntra.stepdefinitions.HomePageTestSteps - Search results verified for: Jumpsuits
2026-04-24 16:17:10 INFO  com.myntra.hooks.Hooks - Driver is Quit successfully....!
2026-04-24 16:17:11 INFO  com.myntra.hooks.Hooks - Browser is opened..!
2026-04-24 16:17:17 INFO  com.myntra.hooks.Hooks - Driver is Quit successfully....!
2026-04-24 16:17:18 INFO  com.myntra.hooks.Hooks - Browser is opened..!
2026-04-24 16:17:23 INFO  com.myntra.hooks.Hooks - Driver is Quit successfully....!
2026-04-24 16:17:24 INFO  com.myntra.hooks.Hooks - Browser is opened..!
2026-04-24 16:17:28 INFO  com.myntra.hooks.Hooks - Driver is Quit successfully....!
2026-04-24 16:51:08 INFO  com.myntra.hooks.Hooks - Browser is opened..!
2026-04-24 16:51:29 INFO  com.myntra.hooks.Hooks - Driver is Quit successfully....!
2026-04-24 17:00:55 INFO  com.myntra.hooks.Hooks - Browser is opened..!
2026-04-24 17:00:56 INFO  com.myntra.hooks.Hooks - Driver is Quit successfully....!
2026-04-24 18:15:39 INFO  com.myntra.hooks.Hooks - Browser is opened..!
2026-04-24 18:16:17 INFO  com.myntra.hooks.Hooks - Driver is Quit successfully....!
2026-04-24 18:17:22 INFO  com.myntra.hooks.Hooks - Browser is opened..!
2026-04-24 18:17:45 INFO  com.myntra.hooks.Hooks - Driver is Quit successfully....!
2026-04-24 18:22:16 INFO  com.myntra.hooks.Hooks - Browser is opened..!
2026-04-24 18:22:38 INFO  com.myntra.hooks.Hooks - Driver is Quit successfully....!
2026-04-24 18:25:45 INFO  com.myntra.hooks.Hooks - Browser is opened..!
2026-04-24 18:25:55 INFO  com.myntra.hooks.Hooks - Driver is Quit successfully....!
2026-04-24 18:27:14 INFO  com.myntra.hooks.Hooks - Browser is opened..!
2026-04-24 18:27:38 INFO  com.myntra.hooks.Hooks - Driver is Quit successfully....!
2026-04-24 18:38:39 INFO  com.myntra.hooks.Hooks - Browser is opened..!
2026-04-24 18:38:47 INFO  com.myntra.hooks.Hooks - Driver is Quit successfully....!
2026-04-24 18:42:32 INFO  com.myntra.hooks.Hooks - Browser is opened..!
2026-04-24 18:43:00 INFO  com.myntra.hooks.Hooks - Driver is Quit successfully....!
2026-04-24 18:47:05 INFO  com.myntra.hooks.Hooks - Browser is opened..!
2026-04-24 18:47:21 INFO  com.myntra.hooks.Hooks - Driver is Quit successfully....!
2026-04-24 18:58:17 INFO  com.myntra.hooks.Hooks - Browser is opened..!
2026-04-24 18:58:34 INFO  com.myntra.hooks.Hooks - Driver is Quit successfully....!
2026-04-24 19:05:01 INFO  com.myntra.hooks.Hooks - Browser is opened..!
2026-04-24 19:05:22 INFO  com.myntra.hooks.Hooks - Driver is Quit successfully....!
2026-04-24 19:30:18 INFO  com.myntra.hooks.Hooks - Browser is opened..!
2026-04-24 19:30:38 INFO  com.myntra.hooks.Hooks - Driver is Quit successfully....!
2026-04-24 20:26:43 INFO  com.myntra.hooks.Hooks - Browser is opened..!
2026-04-24 20:26:43 INFO  com.myntra.stepdefinitions.HomePageTestSteps - Browser launched
2026-04-24 20:26:43 INFO  com.myntra.stepdefinitions.HomePageTestSteps - Clicked Women menu
2026-04-24 20:26:43 INFO  com.myntra.stepdefinitions.HomePageTestSteps - Women page displayed
2026-04-24 20:26:44 INFO  com.myntra.hooks.Hooks - Driver is Quit successfully....!
2026-04-24 20:28:03 INFO  com.myntra.hooks.Hooks - Browser is opened..!
2026-04-24 20:28:05 INFO  com.myntra.stepdefinitions.HomePageTestSteps - Browser launched
2026-04-24 20:28:05 INFO  com.myntra.stepdefinitions.HomePageTestSteps - Clicked Women menu
2026-04-24 20:28:05 INFO  com.myntra.stepdefinitions.HomePageTestSteps - Women page displayed
2026-04-24 20:28:05 INFO  com.myntra.hooks.Hooks - Driver is Quit successfully....!
2026-04-24 20:41:57 INFO  com.myntra.hooks.Hooks - Browser is opened..!
2026-04-24 20:41:58 INFO  com.myntra.stepdefinitions.HomePageTestSteps - Browser launched
2026-04-24 20:41:58 INFO  com.myntra.stepdefinitions.HomePageTestSteps - Clicked Women menu
2026-04-24 20:41:58 INFO  com.myntra.stepdefinitions.HomePageTestSteps - Women page displayed
2026-04-24 20:41:59 INFO  com.myntra.hooks.Hooks - Driver is Quit successfully....!
2026-04-24 20:42:00 INFO  com.myntra.hooks.Hooks - Browser is opened..!
2026-04-24 20:42:03 INFO  com.myntra.stepdefinitions.HomePageTestSteps - User is on home page
2026-04-24 20:42:03 INFO  com.myntra.stepdefinitions.HomePageTestSteps - User opens Women page
2026-04-24 20:42:03 INFO  com.myntra.stepdefinitions.HomePageTestSteps - Verifying categories list is displayed under Women section
2026-04-24 20:42:03 INFO  com.myntra.stepdefinitions.HomePageTestSteps - Women categories are displayed successfully
2026-04-24 20:42:03 INFO  com.myntra.hooks.Hooks - Driver is Quit successfully....!
2026-04-24 20:42:04 INFO  com.myntra.hooks.Hooks - Browser is opened..!
2026-04-24 20:42:09 INFO  com.myntra.hooks.Hooks - Driver is Quit successfully....!
2026-04-24 20:42:10 INFO  com.myntra.hooks.Hooks - Browser is opened..!
2026-04-24 20:42:15 INFO  com.myntra.hooks.Hooks - Driver is Quit successfully....!
2026-04-24 20:42:16 INFO  com.myntra.hooks.Hooks - Browser is opened..!
2026-04-24 20:42:19 INFO  com.myntra.stepdefinitions.HomePageTestSteps - User pressed search without entering any product
2026-04-24 20:42:19 WARN  com.myntra.stepdefinitions.HomePageTestSteps - Blank search handled correctly
2026-04-24 20:42:19 INFO  com.myntra.hooks.Hooks - Driver is Quit successfully....!
2026-04-24 20:42:20 INFO  com.myntra.hooks.Hooks - Browser is opened..!
2026-04-24 20:42:25 INFO  com.myntra.stepdefinitions.HomePageTestSteps - Search for product: Kurtas
2026-04-24 20:42:25 INFO  com.myntra.stepdefinitions.HomePageTestSteps - Search results verified for: Kurtas
2026-04-24 20:42:25 INFO  com.myntra.hooks.Hooks - Driver is Quit successfully....!
2026-04-24 20:42:26 INFO  com.myntra.hooks.Hooks - Browser is opened..!
2026-04-24 20:42:31 INFO  com.myntra.stepdefinitions.HomePageTestSteps - Search for product: Kurtis
2026-04-24 20:42:31 INFO  com.myntra.stepdefinitions.HomePageTestSteps - Search results verified for: Kurtis
2026-04-24 20:42:31 INFO  com.myntra.hooks.Hooks - Driver is Quit successfully....!
2026-04-24 20:42:32 INFO  com.myntra.hooks.Hooks - Browser is opened..!
2026-04-24 20:42:38 INFO  com.myntra.stepdefinitions.HomePageTestSteps - Search for product: Sarees
2026-04-24 20:42:39 INFO  com.myntra.stepdefinitions.HomePageTestSteps - Search results verified for: Sarees
2026-04-24 20:42:39 INFO  com.myntra.hooks.Hooks - Driver is Quit successfully....!
2026-04-24 20:42:40 INFO  com.myntra.hooks.Hooks - Browser is opened..!
2026-04-24 20:42:44 INFO  com.myntra.stepdefinitions.HomePageTestSteps - Search for product: Ethnic Wear
2026-04-24 20:42:44 INFO  com.myntra.stepdefinitions.HomePageTestSteps - Search results verified for: Ethnic Wear
2026-04-24 20:42:44 INFO  com.myntra.hooks.Hooks - Driver is Quit successfully....!
2026-04-24 20:42:45 INFO  com.myntra.hooks.Hooks - Browser is opened..!
2026-04-24 20:42:50 INFO  com.myntra.stepdefinitions.HomePageTestSteps - Search for product: Leggings
2026-04-24 20:42:50 INFO  com.myntra.stepdefinitions.HomePageTestSteps - Search results verified for: Leggings
2026-04-24 20:42:51 INFO  com.myntra.hooks.Hooks - Driver is Quit successfully....!
2026-04-24 20:42:51 INFO  com.myntra.hooks.Hooks - Browser is opened..!
2026-04-24 20:42:57 INFO  com.myntra.stepdefinitions.HomePageTestSteps - Search for product: Skirts
2026-04-24 20:42:57 INFO  com.myntra.stepdefinitions.HomePageTestSteps - Search results verified for: Skirts
2026-04-24 20:42:58 INFO  com.myntra.hooks.Hooks - Driver is Quit successfully....!
2026-04-24 20:42:58 INFO  com.myntra.hooks.Hooks - Browser is opened..!
2026-04-24 20:43:04 INFO  com.myntra.stepdefinitions.HomePageTestSteps - Search for product: Dress Materials
2026-04-24 20:43:04 INFO  com.myntra.stepdefinitions.HomePageTestSteps - Search results verified for: Dress Materials
2026-04-24 20:43:04 INFO  com.myntra.hooks.Hooks - Driver is Quit successfully....!
2026-04-24 20:43:05 INFO  com.myntra.hooks.Hooks - Browser is opened..!
2026-04-24 20:43:10 INFO  com.myntra.stepdefinitions.HomePageTestSteps - Search for product: Lehenga Cholis
2026-04-24 20:43:10 INFO  com.myntra.stepdefinitions.HomePageTestSteps - Search results verified for: Lehenga Cholis
2026-04-24 20:43:10 INFO  com.myntra.hooks.Hooks - Driver is Quit successfully....!
2026-04-24 20:43:11 INFO  com.myntra.hooks.Hooks - Browser is opened..!
2026-04-24 20:43:16 INFO  com.myntra.stepdefinitions.HomePageTestSteps - Search for product: Dupattas
2026-04-24 20:43:17 INFO  com.myntra.stepdefinitions.HomePageTestSteps - Search results verified for: Dupattas
2026-04-24 20:43:17 INFO  com.myntra.hooks.Hooks - Driver is Quit successfully....!
2026-04-24 20:43:18 INFO  com.myntra.hooks.Hooks - Browser is opened..!
2026-04-24 20:43:25 INFO  com.myntra.stepdefinitions.HomePageTestSteps - Search for product: Jackets
2026-04-24 20:43:25 INFO  com.myntra.stepdefinitions.HomePageTestSteps - Search results verified for: Jackets
2026-04-24 20:43:25 INFO  com.myntra.hooks.Hooks - Driver is Quit successfully....!
2026-04-24 20:43:26 INFO  com.myntra.hooks.Hooks - Browser is opened..!
2026-04-24 20:43:32 INFO  com.myntra.stepdefinitions.HomePageTestSteps - Search for product: Dresses
2026-04-24 20:43:32 INFO  com.myntra.stepdefinitions.HomePageTestSteps - Search results verified for: Dresses
2026-04-24 20:43:33 INFO  com.myntra.hooks.Hooks - Driver is Quit successfully....!
2026-04-24 20:43:34 INFO  com.myntra.hooks.Hooks - Browser is opened..!
2026-04-24 20:43:40 INFO  com.myntra.stepdefinitions.HomePageTestSteps - Search for product: Tops
2026-04-24 20:43:40 INFO  com.myntra.stepdefinitions.HomePageTestSteps - Search results verified for: Tops
2026-04-24 20:43:42 INFO  com.myntra.hooks.Hooks - Driver is Quit successfully....!
2026-04-24 20:43:43 INFO  com.myntra.hooks.Hooks - Browser is opened..!
2026-04-24 20:43:49 INFO  com.myntra.stepdefinitions.HomePageTestSteps - Search for product: Tshirts
2026-04-24 20:43:49 INFO  com.myntra.stepdefinitions.HomePageTestSteps - Search results verified for: Tshirts
2026-04-24 20:43:50 INFO  com.myntra.hooks.Hooks - Driver is Quit successfully....!
2026-04-24 20:43:51 INFO  com.myntra.hooks.Hooks - Browser is opened..!
2026-04-24 20:43:56 INFO  com.myntra.stepdefinitions.HomePageTestSteps - Search for product: Jeans
2026-04-24 20:43:56 INFO  com.myntra.stepdefinitions.HomePageTestSteps - Search results verified for: Jeans
2026-04-24 20:43:57 INFO  com.myntra.hooks.Hooks - Driver is Quit successfully....!
2026-04-24 20:43:58 INFO  com.myntra.hooks.Hooks - Browser is opened..!
2026-04-24 20:44:04 INFO  com.myntra.stepdefinitions.HomePageTestSteps - Search for product: Trousers
2026-04-24 20:44:04 INFO  com.myntra.stepdefinitions.HomePageTestSteps - Search results verified for: Trousers
2026-04-24 20:44:04 INFO  com.myntra.hooks.Hooks - Driver is Quit successfully....!
2026-04-24 20:44:05 INFO  com.myntra.hooks.Hooks - Browser is opened..!
2026-04-24 20:44:12 INFO  com.myntra.stepdefinitions.HomePageTestSteps - Search for product: Shorts
2026-04-24 20:44:12 INFO  com.myntra.stepdefinitions.HomePageTestSteps - Search results verified for: Shorts
2026-04-24 20:44:13 INFO  com.myntra.hooks.Hooks - Driver is Quit successfully....!
2026-04-24 20:44:14 INFO  com.myntra.hooks.Hooks - Browser is opened..!
2026-04-24 20:44:20 INFO  com.myntra.stepdefinitions.HomePageTestSteps - Search for product: Co-ords
2026-04-24 20:44:20 INFO  com.myntra.stepdefinitions.HomePageTestSteps - Search results verified for: Co-ords
2026-04-24 20:44:20 INFO  com.myntra.hooks.Hooks - Driver is Quit successfully....!
2026-04-24 20:44:22 INFO  com.myntra.hooks.Hooks - Browser is opened..!
2026-04-24 20:44:27 INFO  com.myntra.stepdefinitions.HomePageTestSteps - Search for product: Playsuits
2026-04-24 20:44:28 INFO  com.myntra.stepdefinitions.HomePageTestSteps - Search results verified for: Playsuits
2026-04-24 20:44:28 INFO  com.myntra.hooks.Hooks - Driver is Quit successfully....!
2026-04-24 20:44:29 INFO  com.myntra.hooks.Hooks - Browser is opened..!
2026-04-24 20:44:35 INFO  com.myntra.stepdefinitions.HomePageTestSteps - Search for product: Jumpsuits
2026-04-24 20:44:35 INFO  com.myntra.stepdefinitions.HomePageTestSteps - Search results verified for: Jumpsuits
2026-04-24 20:44:36 INFO  com.myntra.hooks.Hooks - Driver is Quit successfully....!
2026-04-24 20:44:37 INFO  com.myntra.hooks.Hooks - Browser is opened..!
2026-04-24 20:44:44 INFO  com.myntra.hooks.Hooks - Driver is Quit successfully....!
2026-04-24 20:44:45 INFO  com.myntra.hooks.Hooks - Browser is opened..!
2026-04-24 20:44:50 INFO  com.myntra.hooks.Hooks - Driver is Quit successfully....!
2026-04-24 20:44:51 INFO  com.myntra.hooks.Hooks - Browser is opened..!
2026-04-24 20:44:57 INFO  com.myntra.hooks.Hooks - Driver is Quit successfully....!
