2026-04-23 00:00:02 INFO  com.myntra.stepdefinitions.HomePageTestSteps - Search for product: Jackets
2026-04-23 00:00:02 INFO  com.myntra.stepdefinitions.HomePageTestSteps - Search results verified for: Jackets
2026-04-23 00:00:03 INFO  com.myntra.hooks.Hooks - Driver is Quit successfully....!
2026-04-23 00:00:03 INFO  com.myntra.hooks.Hooks - Browser is opened..!
2026-04-23 00:00:08 INFO  com.myntra.stepdefinitions.HomePageTestSteps - Search for product: Dresses
2026-04-23 00:00:08 INFO  com.myntra.stepdefinitions.HomePageTestSteps - Search results verified for: Dresses
2026-04-23 00:00:08 INFO  com.myntra.hooks.Hooks - Driver is Quit successfully....!
2026-04-23 00:00:09 INFO  com.myntra.hooks.Hooks - Browser is opened..!
2026-04-23 00:00:18 INFO  com.myntra.stepdefinitions.HomePageTestSteps - Search for product: Tops
2026-04-23 00:00:18 INFO  com.myntra.stepdefinitions.HomePageTestSteps - Search results verified for: Tops
2026-04-23 00:00:18 INFO  com.myntra.hooks.Hooks - Driver is Quit successfully....!
2026-04-23 00:00:19 INFO  com.myntra.hooks.Hooks - Browser is opened..!
2026-04-23 00:00:35 INFO  com.myntra.stepdefinitions.HomePageTestSteps - Search for product: Tshirts
2026-04-23 00:00:35 INFO  com.myntra.stepdefinitions.HomePageTestSteps - Search results verified for: Tshirts
2026-04-23 00:00:35 INFO  com.myntra.hooks.Hooks - Driver is Quit successfully....!
2026-04-23 00:00:36 INFO  com.myntra.hooks.Hooks - Browser is opened..!
2026-04-23 00:00:52 INFO  com.myntra.stepdefinitions.HomePageTestSteps - Search for product: Jeans
2026-04-23 00:00:52 INFO  com.myntra.stepdefinitions.HomePageTestSteps - Search results verified for: Jeans
2026-04-23 00:00:52 INFO  com.myntra.hooks.Hooks - Driver is Quit successfully....!
2026-04-23 00:00:53 INFO  com.myntra.hooks.Hooks - Browser is opened..!
2026-04-23 00:01:00 INFO  com.myntra.stepdefinitions.HomePageTestSteps - Search for product: Trousers & Capris
2026-04-23 00:01:00 INFO  com.myntra.stepdefinitions.HomePageTestSteps - Search results verified for: Trousers & Capris
2026-04-23 00:01:01 INFO  com.myntra.hooks.Hooks - Driver is Quit successfully....!
2026-04-23 00:01:01 INFO  com.myntra.hooks.Hooks - Browser is opened..!
2026-04-23 00:01:06 INFO  com.myntra.stepdefinitions.HomePageTestSteps - Search for product: Shorts & Skirts
2026-04-23 00:01:06 INFO  com.myntra.stepdefinitions.HomePageTestSteps - Search results verified for: Shorts & Skirts
2026-04-23 00:01:07 INFO  com.myntra.hooks.Hooks - Driver is Quit successfully....!
2026-04-23 00:01:07 INFO  com.myntra.hooks.Hooks - Browser is opened..!
2026-04-23 00:01:12 INFO  com.myntra.stepdefinitions.HomePageTestSteps - Search for product: Co-ords
2026-04-23 00:01:12 INFO  com.myntra.stepdefinitions.HomePageTestSteps - Search results verified for: Co-ords
2026-04-23 00:01:12 INFO  com.myntra.hooks.Hooks - Driver is Quit successfully....!
2026-04-23 00:01:13 INFO  com.myntra.hooks.Hooks - Browser is opened..!
2026-04-23 00:01:17 INFO  com.myntra.stepdefinitions.HomePageTestSteps - Search for product: Playsuits
2026-04-23 00:01:17 INFO  com.myntra.stepdefinitions.HomePageTestSteps - Search results verified for: Playsuits
2026-04-23 00:01:17 INFO  com.myntra.hooks.Hooks - Driver is Quit successfully....!
2026-04-23 00:01:18 INFO  com.myntra.hooks.Hooks - Browser is opened..!
2026-04-23 00:01:27 INFO  com.myntra.stepdefinitions.HomePageTestSteps - Search for product: Jumpsuits
2026-04-23 00:01:27 INFO  com.myntra.stepdefinitions.HomePageTestSteps - Search results verified for: Jumpsuits
2026-04-23 00:01:27 INFO  com.myntra.hooks.Hooks - Driver is Quit successfully....!
2026-04-23 00:04:11 INFO  com.myntra.hooks.Hooks - Browser is opened..!
2026-04-23 00:04:15 INFO  com.myntra.stepdefinitions.HomePageTestSteps - Search for product: Kurtas
2026-04-23 00:04:16 INFO  com.myntra.stepdefinitions.HomePageTestSteps - Search results verified for: Kurtas
2026-04-23 00:04:16 INFO  com.myntra.hooks.Hooks - Driver is Quit successfully....!
2026-04-23 00:04:17 INFO  com.myntra.hooks.Hooks - Browser is opened..!
2026-04-23 00:04:20 INFO  com.myntra.stepdefinitions.HomePageTestSteps - Search for product: Kurtis
2026-04-23 00:04:20 INFO  com.myntra.stepdefinitions.HomePageTestSteps - Search results verified for: Kurtis
2026-04-23 00:04:20 INFO  com.myntra.hooks.Hooks - Driver is Quit successfully....!
2026-04-23 00:04:21 INFO  com.myntra.hooks.Hooks - Browser is opened..!
2026-04-23 00:04:24 INFO  com.myntra.stepdefinitions.HomePageTestSteps - Search for product: Sarees
2026-04-23 00:04:24 INFO  com.myntra.stepdefinitions.HomePageTestSteps - Search results verified for: Sarees
2026-04-23 00:04:25 INFO  com.myntra.hooks.Hooks - Driver is Quit successfully....!
2026-04-23 00:04:25 INFO  com.myntra.hooks.Hooks - Browser is opened..!
2026-04-23 00:04:29 INFO  com.myntra.stepdefinitions.HomePageTestSteps - Search for product: Ethnic Wear
2026-04-23 00:04:29 INFO  com.myntra.stepdefinitions.HomePageTestSteps - Search results verified for: Ethnic Wear
2026-04-23 00:04:30 INFO  com.myntra.hooks.Hooks - Driver is Quit successfully....!
2026-04-23 00:04:30 INFO  com.myntra.hooks.Hooks - Browser is opened..!
2026-04-23 00:04:35 INFO  com.myntra.stepdefinitions.HomePageTestSteps - Search for product: Leggings
2026-04-23 00:04:35 INFO  com.myntra.stepdefinitions.HomePageTestSteps - Search results verified for: Leggings
2026-04-23 00:04:36 INFO  com.myntra.hooks.Hooks - Driver is Quit successfully....!
2026-04-23 00:04:36 INFO  com.myntra.hooks.Hooks - Browser is opened..!
2026-04-23 00:04:40 INFO  com.myntra.stepdefinitions.HomePageTestSteps - Search for product: Skirts
2026-04-23 00:04:40 INFO  com.myntra.stepdefinitions.HomePageTestSteps - Search results verified for: Skirts
2026-04-23 00:04:40 INFO  com.myntra.hooks.Hooks - Driver is Quit successfully....!
2026-04-23 00:04:41 INFO  com.myntra.hooks.Hooks - Browser is opened..!
2026-04-23 00:04:45 INFO  com.myntra.stepdefinitions.HomePageTestSteps - Search for product: Dress Materials
2026-04-23 00:04:45 INFO  com.myntra.stepdefinitions.HomePageTestSteps - Search results verified for: Dress Materials
2026-04-23 00:04:46 INFO  com.myntra.hooks.Hooks - Driver is Quit successfully....!
2026-04-23 00:04:46 INFO  com.myntra.hooks.Hooks - Browser is opened..!
2026-04-23 00:04:51 INFO  com.myntra.stepdefinitions.HomePageTestSteps - Search for product: Lehenga Cholis
2026-04-23 00:04:51 INFO  com.myntra.stepdefinitions.HomePageTestSteps - Search results verified for: Lehenga Cholis
2026-04-23 00:04:51 INFO  com.myntra.hooks.Hooks - Driver is Quit successfully....!
2026-04-23 00:04:51 INFO  com.myntra.hooks.Hooks - Browser is opened..!
2026-04-23 00:04:56 INFO  com.myntra.stepdefinitions.HomePageTestSteps - Search for product: Dupattas
2026-04-23 00:04:56 INFO  com.myntra.stepdefinitions.HomePageTestSteps - Search results verified for: Dupattas
2026-04-23 00:04:56 INFO  com.myntra.hooks.Hooks - Driver is Quit successfully....!
2026-04-23 00:04:57 INFO  com.myntra.hooks.Hooks - Browser is opened..!
2026-04-23 00:05:03 INFO  com.myntra.stepdefinitions.HomePageTestSteps - Search for product: Jackets
2026-04-23 00:05:03 INFO  com.myntra.stepdefinitions.HomePageTestSteps - Search results verified for: Jackets
2026-04-23 00:05:03 INFO  com.myntra.hooks.Hooks - Driver is Quit successfully....!
2026-04-23 00:05:04 INFO  com.myntra.hooks.Hooks - Browser is opened..!
2026-04-23 00:05:08 INFO  com.myntra.stepdefinitions.HomePageTestSteps - Search for product: Dresses
2026-04-23 00:05:08 INFO  com.myntra.stepdefinitions.HomePageTestSteps - Search results verified for: Dresses
2026-04-23 00:05:09 INFO  com.myntra.hooks.Hooks - Driver is Quit successfully....!
2026-04-23 00:05:09 INFO  com.myntra.hooks.Hooks - Browser is opened..!
2026-04-23 00:05:14 INFO  com.myntra.stepdefinitions.HomePageTestSteps - Search for product: Tops
2026-04-23 00:05:14 INFO  com.myntra.stepdefinitions.HomePageTestSteps - Search results verified for: Tops
2026-04-23 00:05:14 INFO  com.myntra.hooks.Hooks - Driver is Quit successfully....!
2026-04-23 00:05:15 INFO  com.myntra.hooks.Hooks - Browser is opened..!
2026-04-23 00:05:19 INFO  com.myntra.stepdefinitions.HomePageTestSteps - Search for product: Tshirts
2026-04-23 00:05:19 INFO  com.myntra.stepdefinitions.HomePageTestSteps - Search results verified for: Tshirts
2026-04-23 00:05:20 INFO  com.myntra.hooks.Hooks - Driver is Quit successfully....!
2026-04-23 00:05:20 INFO  com.myntra.hooks.Hooks - Browser is opened..!
2026-04-23 00:05:25 INFO  com.myntra.stepdefinitions.HomePageTestSteps - Search for product: Jeans
2026-04-23 00:05:25 INFO  com.myntra.stepdefinitions.HomePageTestSteps - Search results verified for: Jeans
2026-04-23 00:05:25 INFO  com.myntra.hooks.Hooks - Driver is Quit successfully....!
2026-04-23 00:05:26 INFO  com.myntra.hooks.Hooks - Browser is opened..!
2026-04-23 00:05:30 INFO  com.myntra.stepdefinitions.HomePageTestSteps - Search for product: Trousers
2026-04-23 00:05:30 INFO  com.myntra.stepdefinitions.HomePageTestSteps - Search results verified for: Trousers
2026-04-23 00:05:30 INFO  com.myntra.hooks.Hooks - Driver is Quit successfully....!
2026-04-23 00:05:31 INFO  com.myntra.hooks.Hooks - Browser is opened..!
2026-04-23 00:05:35 INFO  com.myntra.stepdefinitions.HomePageTestSteps - Search for product: Shorts
2026-04-23 00:05:35 INFO  com.myntra.stepdefinitions.HomePageTestSteps - Search results verified for: Shorts
2026-04-23 00:05:36 INFO  com.myntra.hooks.Hooks - Driver is Quit successfully....!
2026-04-23 00:05:37 INFO  com.myntra.hooks.Hooks - Browser is opened..!
2026-04-23 00:05:41 INFO  com.myntra.stepdefinitions.HomePageTestSteps - Search for product: Co-ords
2026-04-23 00:05:41 INFO  com.myntra.stepdefinitions.HomePageTestSteps - Search results verified for: Co-ords
2026-04-23 00:05:41 INFO  com.myntra.hooks.Hooks - Driver is Quit successfully....!
2026-04-23 00:05:42 INFO  com.myntra.hooks.Hooks - Browser is opened..!
2026-04-23 00:05:46 INFO  com.myntra.stepdefinitions.HomePageTestSteps - Search for product: Playsuits
2026-04-23 00:05:46 INFO  com.myntra.stepdefinitions.HomePageTestSteps - Search results verified for: Playsuits
2026-04-23 00:05:47 INFO  com.myntra.hooks.Hooks - Driver is Quit successfully....!
2026-04-23 00:05:47 INFO  com.myntra.hooks.Hooks - Browser is opened..!
2026-04-23 00:05:51 INFO  com.myntra.stepdefinitions.HomePageTestSteps - Search for product: Jumpsuits
2026-04-23 00:05:51 INFO  com.myntra.stepdefinitions.HomePageTestSteps - Search results verified for: Jumpsuits
2026-04-23 00:05:51 INFO  com.myntra.hooks.Hooks - Driver is Quit successfully....!
2026-04-23 07:37:47 INFO  com.myntra.hooks.Hooks - Browser is opened..!
2026-04-23 07:37:53 INFO  com.myntra.hooks.Hooks - Driver is Quit successfully....!
2026-04-23 07:42:01 INFO  com.myntra.hooks.Hooks - Browser is opened..!
2026-04-23 07:42:10 INFO  com.myntra.hooks.Hooks - Driver is Quit successfully....!
2026-04-23 07:42:56 INFO  com.myntra.hooks.Hooks - Browser is opened..!
2026-04-23 07:43:04 INFO  com.myntra.hooks.Hooks - Driver is Quit successfully....!
2026-04-23 07:46:46 INFO  com.myntra.hooks.Hooks - Browser is opened..!
2026-04-23 07:46:55 INFO  com.myntra.hooks.Hooks - Driver is Quit successfully....!
2026-04-23 07:49:42 INFO  com.myntra.hooks.Hooks - Browser is opened..!
2026-04-23 07:49:52 INFO  com.myntra.hooks.Hooks - Driver is Quit successfully....!
2026-04-23 07:57:43 INFO  com.myntra.hooks.Hooks - Browser is opened..!
2026-04-23 13:49:18 INFO  com.myntra.hooks.Hooks - Browser is opened..!
2026-04-23 14:02:04 INFO  com.myntra.hooks.Hooks - Browser is opened..!
2026-04-23 14:05:20 INFO  com.myntra.hooks.Hooks - Browser is opened..!
2026-04-23 14:09:31 INFO  com.myntra.hooks.Hooks - Browser is opened..!
2026-04-23 14:10:31 INFO  com.myntra.hooks.Hooks - Browser is opened..!
2026-04-23 14:22:17 INFO  com.myntra.hooks.Hooks - Browser is opened..!
2026-04-23 14:26:25 INFO  com.myntra.hooks.Hooks - Browser is opened..!
2026-04-23 14:26:29 INFO  com.myntra.stepdefinitions.HomePageTestSteps - Browser launched
2026-04-23 14:26:29 INFO  com.myntra.stepdefinitions.HomePageTestSteps - Clicked Women menu
2026-04-23 14:26:29 INFO  com.myntra.stepdefinitions.HomePageTestSteps - Women page displayed
2026-04-23 14:26:30 INFO  com.myntra.hooks.Hooks - Browser is opened..!
2026-04-23 14:26:32 INFO  com.myntra.stepdefinitions.HomePageTestSteps - User is on home page
2026-04-23 14:26:32 INFO  com.myntra.stepdefinitions.HomePageTestSteps - User opens Women page
2026-04-23 14:26:32 INFO  com.myntra.stepdefinitions.HomePageTestSteps - Verifying categories list is displayed under Women section
2026-04-23 14:26:33 INFO  com.myntra.stepdefinitions.HomePageTestSteps - Women categories are displayed successfully
2026-04-23 14:26:34 INFO  com.myntra.hooks.Hooks - Browser is opened..!
2026-04-23 14:26:47 INFO  com.myntra.hooks.Hooks - Browser is opened..!
2026-04-23 14:27:13 INFO  com.myntra.hooks.Hooks - Browser is opened..!
2026-04-23 14:27:17 INFO  com.myntra.stepdefinitions.HomePageTestSteps - User pressed search without entering any product
2026-04-23 14:27:17 WARN  com.myntra.stepdefinitions.HomePageTestSteps - Blank search handled correctly
2026-04-23 14:27:18 INFO  com.myntra.hooks.Hooks - Browser is opened..!
2026-04-23 14:27:33 INFO  com.myntra.stepdefinitions.HomePageTestSteps - Search for product: Kurtas
2026-04-23 14:27:33 INFO  com.myntra.stepdefinitions.HomePageTestSteps - Search results verified for: Kurtas
2026-04-23 14:27:35 INFO  com.myntra.hooks.Hooks - Browser is opened..!
2026-04-23 14:27:58 INFO  com.myntra.stepdefinitions.HomePageTestSteps - Search for product: Kurtis
2026-04-23 14:27:58 INFO  com.myntra.stepdefinitions.HomePageTestSteps - Search results verified for: Kurtis
2026-04-23 14:27:59 INFO  com.myntra.hooks.Hooks - Browser is opened..!
2026-04-23 14:28:12 INFO  com.myntra.stepdefinitions.HomePageTestSteps - Search for product: Sarees
2026-04-23 14:28:12 INFO  com.myntra.stepdefinitions.HomePageTestSteps - Search results verified for: Sarees
2026-04-23 14:28:13 INFO  com.myntra.hooks.Hooks - Browser is opened..!
2026-04-23 14:28:38 INFO  com.myntra.stepdefinitions.HomePageTestSteps - Search for product: Ethnic Wear
2026-04-23 14:28:38 INFO  com.myntra.stepdefinitions.HomePageTestSteps - Search results verified for: Ethnic Wear
2026-04-23 14:28:40 INFO  com.myntra.hooks.Hooks - Browser is opened..!
2026-04-23 14:29:35 INFO  com.myntra.stepdefinitions.HomePageTestSteps - Search for product: Leggings
2026-04-23 14:29:35 INFO  com.myntra.stepdefinitions.HomePageTestSteps - Search results verified for: Leggings
2026-04-23 14:29:37 INFO  com.myntra.hooks.Hooks - Browser is opened..!
2026-04-23 14:29:44 INFO  com.myntra.stepdefinitions.HomePageTestSteps - Search for product: Skirts
2026-04-23 14:29:45 INFO  com.myntra.stepdefinitions.HomePageTestSteps - Search results verified for: Skirts
2026-04-23 14:29:48 INFO  com.myntra.hooks.Hooks - Browser is opened..!
2026-04-23 14:29:59 INFO  com.myntra.stepdefinitions.HomePageTestSteps - Search for product: Dress Materials
2026-04-23 14:29:59 INFO  com.myntra.stepdefinitions.HomePageTestSteps - Search results verified for: Dress Materials
2026-04-23 14:30:02 INFO  com.myntra.hooks.Hooks - Browser is opened..!
2026-04-23 14:30:13 INFO  com.myntra.stepdefinitions.HomePageTestSteps - Search for product: Lehenga Cholis
2026-04-23 14:30:13 INFO  com.myntra.stepdefinitions.HomePageTestSteps - Search results verified for: Lehenga Cholis
2026-04-23 14:30:18 INFO  com.myntra.hooks.Hooks - Browser is opened..!
2026-04-23 14:30:31 INFO  com.myntra.stepdefinitions.HomePageTestSteps - Search for product: Dupattas
2026-04-23 14:30:31 INFO  com.myntra.stepdefinitions.HomePageTestSteps - Search results verified for: Dupattas
2026-04-23 14:30:40 INFO  com.myntra.hooks.Hooks - Browser is opened..!
2026-04-23 14:31:12 INFO  com.myntra.stepdefinitions.HomePageTestSteps - Search for product: Jackets
2026-04-23 14:31:14 INFO  com.myntra.stepdefinitions.HomePageTestSteps - Search results verified for: Jackets
2026-04-23 14:31:27 INFO  com.myntra.hooks.Hooks - Browser is opened..!
2026-04-23 14:31:54 INFO  com.myntra.stepdefinitions.HomePageTestSteps - Search for product: Dresses
2026-04-23 14:31:56 INFO  com.myntra.stepdefinitions.HomePageTestSteps - Search results verified for: Dresses
2026-04-23 14:32:04 INFO  com.myntra.hooks.Hooks - Browser is opened..!
2026-04-23 14:32:18 INFO  com.myntra.stepdefinitions.HomePageTestSteps - Search for product: Tops
2026-04-23 14:32:19 INFO  com.myntra.stepdefinitions.HomePageTestSteps - Search results verified for: Tops
2026-04-23 14:32:24 INFO  com.myntra.hooks.Hooks - Browser is opened..!
2026-04-23 14:32:43 INFO  com.myntra.stepdefinitions.HomePageTestSteps - Search for product: Tshirts
2026-04-23 14:32:43 INFO  com.myntra.stepdefinitions.HomePageTestSteps - Search results verified for: Tshirts
2026-04-23 14:32:49 INFO  com.myntra.hooks.Hooks - Browser is opened..!
2026-04-23 14:33:06 INFO  com.myntra.stepdefinitions.HomePageTestSteps - Search for product: Jeans
2026-04-23 14:33:07 INFO  com.myntra.stepdefinitions.HomePageTestSteps - Search results verified for: Jeans
2026-04-23 14:33:12 INFO  com.myntra.hooks.Hooks - Browser is opened..!
2026-04-23 14:33:31 INFO  com.myntra.stepdefinitions.HomePageTestSteps - Search for product: Trousers
2026-04-23 14:33:31 INFO  com.myntra.stepdefinitions.HomePageTestSteps - Search results verified for: Trousers
2026-04-23 14:33:37 INFO  com.myntra.hooks.Hooks - Browser is opened..!
2026-04-23 14:33:58 INFO  com.myntra.stepdefinitions.HomePageTestSteps - Search for product: Shorts
2026-04-23 14:34:01 INFO  com.myntra.stepdefinitions.HomePageTestSteps - Search results verified for: Shorts
2026-04-23 14:34:11 INFO  com.myntra.hooks.Hooks - Browser is opened..!
2026-04-23 14:34:28 INFO  com.myntra.stepdefinitions.HomePageTestSteps - Search for product: Co-ords
2026-04-23 14:34:30 INFO  com.myntra.stepdefinitions.HomePageTestSteps - Search results verified for: Co-ords
2026-04-23 14:34:39 INFO  com.myntra.hooks.Hooks - Browser is opened..!
2026-04-23 14:34:59 INFO  com.myntra.stepdefinitions.HomePageTestSteps - Search for product: Playsuits
2026-04-23 14:35:11 INFO  com.myntra.stepdefinitions.HomePageTestSteps - Search results verified for: Playsuits
2026-04-23 14:36:09 INFO  com.myntra.hooks.Hooks - Browser is opened..!
2026-04-23 14:36:28 INFO  com.myntra.stepdefinitions.HomePageTestSteps - Search for product: Jumpsuits
2026-04-23 14:36:29 INFO  com.myntra.stepdefinitions.HomePageTestSteps - Search results verified for: Jumpsuits
2026-04-23 14:36:33 INFO  com.myntra.hooks.Hooks - Browser is opened..!
2026-04-23 14:36:52 INFO  com.myntra.hooks.Hooks - Browser is opened..!
2026-04-23 14:37:16 INFO  com.myntra.hooks.Hooks - Browser is opened..!
2026-04-23 14:51:29 INFO  com.myntra.hooks.Hooks - Browser is opened..!
2026-04-23 14:54:27 INFO  com.myntra.hooks.Hooks - Browser is opened..!
2026-04-23 15:01:07 INFO  com.myntra.hooks.Hooks - Browser is opened..!
2026-04-23 15:03:21 INFO  com.myntra.hooks.Hooks - Browser is opened..!
2026-04-23 15:03:40 INFO  com.myntra.stepdefinitions.HomePageTestSteps - Product Count: 50
2026-04-23 16:30:03 DEBUG org.apache.poi.openxml4j.opc.PackageRelationshipCollection - Parsing relationship: /xl/_rels/workbook.xml.rels
2026-04-23 16:30:03 DEBUG org.apache.poi.openxml4j.opc.PackageRelationshipCollection - Parsing relationship: /_rels/.rels
2026-04-23 16:38:33 INFO  com.myntra.tests.ProductListingPageTests - Brand chip displayed: true
2026-04-23 17:30:26 INFO  com.myntra.hooks.Hooks - Browser is opened..!
2026-04-23 17:30:30 INFO  com.myntra.stepdefinitions.HomePageTestSteps - User is on Myntra Home Page
2026-04-23 17:30:36 INFO  com.myntra.hooks.Hooks - Browser is opened..!
2026-04-23 17:30:40 INFO  com.myntra.stepdefinitions.HomePageTestSteps - User is on Myntra Home Page
2026-04-23 17:30:46 INFO  com.myntra.stepdefinitions.HomePageTestSteps - Before: 50
2026-04-23 17:31:17 INFO  com.myntra.hooks.Hooks - Browser is opened..!
2026-04-23 17:31:19 INFO  com.myntra.stepdefinitions.HomePageTestSteps - User is on Myntra Home Page
2026-04-23 17:31:56 INFO  com.myntra.hooks.Hooks - Browser is opened..!
2026-04-23 17:32:02 INFO  com.myntra.stepdefinitions.HomePageTestSteps - User is on Myntra Home Page
2026-04-23 17:32:08 INFO  com.myntra.stepdefinitions.HomePageTestSteps - Product Count: 50
2026-04-23 17:42:38 INFO  com.myntra.hooks.Hooks - Browser is opened..!
2026-04-23 17:42:43 INFO  com.myntra.hooks.Hooks - Browser is opened..!
2026-04-23 17:42:48 INFO  com.myntra.hooks.Hooks - Browser is opened..!
2026-04-23 17:42:51 INFO  com.myntra.hooks.Hooks - Browser is opened..!
2026-04-23 17:43:25 INFO  com.myntra.hooks.Hooks - Browser is opened..!
2026-04-23 17:43:34 INFO  com.myntra.stepdefinitions.ProductListingPageSteps - User is on Myntra Home Page
2026-04-23 17:43:42 INFO  com.myntra.hooks.Hooks - Browser is opened..!
2026-04-23 17:43:51 INFO  com.myntra.stepdefinitions.ProductListingPageSteps - User is on Myntra Home Page
2026-04-23 17:44:30 INFO  com.myntra.hooks.Hooks - Browser is opened..!
2026-04-23 17:44:31 INFO  com.myntra.stepdefinitions.ProductListingPageSteps - User is on Myntra Home Page
2026-04-23 17:45:13 INFO  com.myntra.hooks.Hooks - Browser is opened..!
2026-04-23 17:45:13 INFO  com.myntra.stepdefinitions.ProductListingPageSteps - User is on Myntra Home Page
2026-04-23 17:50:59 INFO  com.myntra.hooks.Hooks - Browser is opened..!
2026-04-23 17:51:02 INFO  com.myntra.stepdefinitions.ProductListingPageSteps - User is on Myntra Home Page
2026-04-23 17:52:20 INFO  com.myntra.hooks.Hooks - Browser is opened..!
2026-04-23 17:52:22 INFO  com.myntra.stepdefinitions.ProductListingPageSteps - User is on Myntra Home Page
2026-04-23 17:57:31 INFO  com.myntra.hooks.Hooks - Browser is opened..!
2026-04-23 17:57:31 INFO  com.myntra.stepdefinitions.HomePageTestSteps - Browser launched
2026-04-23 17:57:31 INFO  com.myntra.stepdefinitions.HomePageTestSteps - Clicked Women menu
2026-04-23 17:57:31 INFO  com.myntra.stepdefinitions.HomePageTestSteps - Women page displayed
2026-04-23 17:57:33 INFO  com.myntra.hooks.Hooks - Browser is opened..!
2026-04-23 17:57:35 INFO  com.myntra.stepdefinitions.HomePageTestSteps - User is on home page
2026-04-23 17:57:35 INFO  com.myntra.stepdefinitions.HomePageTestSteps - User opens Women page
2026-04-23 17:57:36 INFO  com.myntra.stepdefinitions.HomePageTestSteps - Verifying categories list is displayed under Women section
2026-04-23 17:57:36 INFO  com.myntra.stepdefinitions.HomePageTestSteps - Women categories are displayed successfully
2026-04-23 17:57:37 INFO  com.myntra.hooks.Hooks - Browser is opened..!
2026-04-23 17:57:42 INFO  com.myntra.hooks.Hooks - Browser is opened..!
2026-04-23 17:57:48 INFO  com.myntra.hooks.Hooks - Browser is opened..!
2026-04-23 17:57:55 INFO  com.myntra.stepdefinitions.HomePageTestSteps - User pressed search without entering any product
2026-04-23 17:57:55 WARN  com.myntra.stepdefinitions.HomePageTestSteps - Blank search handled correctly
2026-04-23 17:57:56 INFO  com.myntra.hooks.Hooks - Browser is opened..!
2026-04-23 17:58:04 INFO  com.myntra.stepdefinitions.HomePageTestSteps - Search for product: Kurtas
2026-04-23 17:58:04 INFO  com.myntra.stepdefinitions.HomePageTestSteps - Search results verified for: Kurtas
2026-04-23 17:58:07 INFO  com.myntra.hooks.Hooks - Browser is opened..!
2026-04-23 17:58:15 INFO  com.myntra.stepdefinitions.HomePageTestSteps - Search for product: Kurtis
2026-04-23 17:58:15 INFO  com.myntra.stepdefinitions.HomePageTestSteps - Search results verified for: Kurtis
2026-04-23 17:58:17 INFO  com.myntra.hooks.Hooks - Browser is opened..!
2026-04-23 17:58:25 INFO  com.myntra.stepdefinitions.HomePageTestSteps - Search for product: Sarees
2026-04-23 17:58:25 INFO  com.myntra.stepdefinitions.HomePageTestSteps - Search results verified for: Sarees
2026-04-23 17:58:26 INFO  com.myntra.hooks.Hooks - Browser is opened..!
2026-04-23 17:58:37 INFO  com.myntra.stepdefinitions.HomePageTestSteps - Search for product: Ethnic Wear
2026-04-23 17:58:38 INFO  com.myntra.stepdefinitions.HomePageTestSteps - Search results verified for: Ethnic Wear
2026-04-23 17:58:41 INFO  com.myntra.hooks.Hooks - Browser is opened..!
2026-04-23 17:58:51 INFO  com.myntra.stepdefinitions.HomePageTestSteps - Search for product: Leggings
2026-04-23 17:58:51 INFO  com.myntra.stepdefinitions.HomePageTestSteps - Search results verified for: Leggings
2026-04-23 17:58:53 INFO  com.myntra.hooks.Hooks - Browser is opened..!
2026-04-23 17:59:05 INFO  com.myntra.stepdefinitions.HomePageTestSteps - Search for product: Skirts
2026-04-23 17:59:09 INFO  com.myntra.stepdefinitions.HomePageTestSteps - Search results verified for: Skirts
2026-04-23 17:59:14 INFO  com.myntra.hooks.Hooks - Browser is opened..!
2026-04-23 17:59:23 INFO  com.myntra.stepdefinitions.HomePageTestSteps - Search for product: Dress Materials
2026-04-23 17:59:24 INFO  com.myntra.stepdefinitions.HomePageTestSteps - Search results verified for: Dress Materials
2026-04-23 17:59:34 INFO  com.myntra.hooks.Hooks - Browser is opened..!
2026-04-23 17:59:48 INFO  com.myntra.stepdefinitions.HomePageTestSteps - Search for product: Lehenga Cholis
2026-04-23 17:59:53 INFO  com.myntra.stepdefinitions.HomePageTestSteps - Search results verified for: Lehenga Cholis
2026-04-23 18:00:06 INFO  com.myntra.hooks.Hooks - Browser is opened..!
2026-04-23 18:00:19 INFO  com.myntra.stepdefinitions.HomePageTestSteps - Search for product: Dupattas
2026-04-23 18:00:20 INFO  com.myntra.stepdefinitions.HomePageTestSteps - Search results verified for: Dupattas
2026-04-23 18:01:06 INFO  com.myntra.hooks.Hooks - Browser is opened..!
2026-04-23 18:01:23 INFO  com.myntra.stepdefinitions.HomePageTestSteps - Search for product: Jackets
2026-04-23 18:01:23 INFO  com.myntra.stepdefinitions.HomePageTestSteps - Search results verified for: Jackets
2026-04-23 18:02:05 INFO  com.myntra.hooks.Hooks - Browser is opened..!
2026-04-23 18:03:43 INFO  com.myntra.stepdefinitions.HomePageTestSteps - Search for product: Dresses
2026-04-23 18:03:45 INFO  com.myntra.stepdefinitions.HomePageTestSteps - Search results verified for: Dresses
2026-04-23 18:03:55 INFO  com.myntra.hooks.Hooks - Browser is opened..!
2026-04-23 18:04:14 INFO  com.myntra.stepdefinitions.HomePageTestSteps - Search for product: Tops
2026-04-23 18:04:15 INFO  com.myntra.stepdefinitions.HomePageTestSteps - Search results verified for: Tops
2026-04-23 18:04:30 INFO  com.myntra.hooks.Hooks - Browser is opened..!
2026-04-23 18:05:13 INFO  com.myntra.stepdefinitions.HomePageTestSteps - Search for product: Tshirts
2026-04-23 18:05:15 INFO  com.myntra.stepdefinitions.HomePageTestSteps - Search results verified for: Tshirts
2026-04-23 18:05:28 INFO  com.myntra.hooks.Hooks - Browser is opened..!
2026-04-23 18:06:15 INFO  com.myntra.stepdefinitions.HomePageTestSteps - Search for product: Jeans
2026-04-23 18:06:40 INFO  com.myntra.stepdefinitions.HomePageTestSteps - Search results verified for: Jeans
2026-04-23 18:07:12 INFO  com.myntra.hooks.Hooks - Browser is opened..!
2026-04-23 18:07:58 INFO  com.myntra.stepdefinitions.HomePageTestSteps - Search for product: Trousers
2026-04-23 18:08:25 INFO  com.myntra.stepdefinitions.HomePageTestSteps - Search results verified for: Trousers
2026-04-23 18:09:11 INFO  com.myntra.hooks.Hooks - Browser is opened..!
2026-04-23 18:10:42 INFO  com.myntra.stepdefinitions.HomePageTestSteps - Search for product: Shorts
2026-04-23 18:10:52 INFO  com.myntra.stepdefinitions.HomePageTestSteps - Search results verified for: Shorts
2026-04-23 18:11:10 INFO  com.myntra.hooks.Hooks - Browser is opened..!
2026-04-23 18:11:22 INFO  com.myntra.stepdefinitions.HomePageTestSteps - Search for product: Co-ords
2026-04-23 18:11:22 INFO  com.myntra.stepdefinitions.HomePageTestSteps - Search results verified for: Co-ords
2026-04-23 18:11:27 INFO  com.myntra.hooks.Hooks - Browser is opened..!
2026-04-23 18:11:39 INFO  com.myntra.stepdefinitions.HomePageTestSteps - Search for product: Playsuits
2026-04-23 18:11:40 INFO  com.myntra.stepdefinitions.HomePageTestSteps - Search results verified for: Playsuits
2026-04-23 18:11:43 INFO  com.myntra.hooks.Hooks - Browser is opened..!
2026-04-23 18:11:58 INFO  com.myntra.stepdefinitions.HomePageTestSteps - Search for product: Jumpsuits
2026-04-23 18:11:59 INFO  com.myntra.stepdefinitions.HomePageTestSteps - Search results verified for: Jumpsuits
2026-04-23 18:12:04 INFO  com.myntra.hooks.Hooks - Browser is opened..!
2026-04-23 18:12:23 INFO  com.myntra.hooks.Hooks - Browser is opened..!
2026-04-23 18:12:41 INFO  com.myntra.hooks.Hooks - Browser is opened..!
2026-04-23 18:22:07 INFO  com.myntra.hooks.Hooks - Browser is opened..!
2026-04-23 18:22:10 INFO  com.myntra.stepdefinitions.ProductListingPageSteps - User is on Myntra Home Page
2026-04-23 18:22:17 INFO  com.myntra.stepdefinitions.ProductListingPageSteps - Current URL: https://www.myntra.com/kurta-sets/libas/libas-embroidered-regular-kurta-with-trousers--dupatta/36395276/buy
2026-04-23 18:23:15 INFO  com.myntra.hooks.Hooks - Browser is opened..!
2026-04-23 18:23:15 INFO  com.myntra.stepdefinitions.ProductListingPageSteps - User is on Myntra Home Page
2026-04-23 18:23:23 INFO  com.myntra.stepdefinitions.ProductListingPageSteps - Current URL: https://www.myntra.com/kurta-sets/libas/libas-embroidered-regular-kurta-with-trousers--dupatta/36395276/buy
2026-04-23 18:35:22 INFO  com.myntra.hooks.Hooks - Browser is opened..!
2026-04-23 18:35:27 INFO  com.myntra.stepdefinitions.ProductListingPageSteps - User is on Myntra Home Page
2026-04-23 18:35:37 INFO  com.myntra.hooks.Hooks - Browser is opened..!
2026-04-23 18:35:42 INFO  com.myntra.stepdefinitions.ProductListingPageSteps - User is on Myntra Home Page
2026-04-23 18:35:52 INFO  com.myntra.hooks.Hooks - Browser is opened..!
2026-04-23 18:35:56 INFO  com.myntra.stepdefinitions.ProductListingPageSteps - User is on Myntra Home Page
2026-04-23 18:36:11 INFO  com.myntra.hooks.Hooks - Browser is opened..!
2026-04-23 18:36:18 INFO  com.myntra.stepdefinitions.ProductListingPageSteps - User is on Myntra Home Page
2026-04-23 18:36:31 INFO  com.myntra.hooks.Hooks - Browser is opened..!
2026-04-23 18:36:31 INFO  com.myntra.stepdefinitions.ProductListingPageSteps - User is on Myntra Home Page
2026-04-23 18:36:57 INFO  com.myntra.hooks.Hooks - Browser is opened..!
2026-04-23 18:36:58 INFO  com.myntra.stepdefinitions.ProductListingPageSteps - User is on Myntra Home Page
2026-04-23 18:37:25 INFO  com.myntra.hooks.Hooks - Browser is opened..!
2026-04-23 18:37:33 INFO  com.myntra.stepdefinitions.ProductListingPageSteps - User is on Myntra Home Page
2026-04-23 18:37:58 INFO  com.myntra.hooks.Hooks - Browser is opened..!
2026-04-23 18:38:13 INFO  com.myntra.stepdefinitions.ProductListingPageSteps - User is on Myntra Home Page
2026-04-23 18:54:25 INFO  com.myntra.hooks.Hooks - Browser is opened..!
2026-04-23 19:03:21 INFO  com.myntra.hooks.Hooks - Browser is opened..!
