2026-04-22 11:06:02 INFO  com.myntra.hooks.Hooks - Browser opened: chrome
2026-04-22 11:06:05 INFO  com.myntra.stepdefinitions.HomePageSteps - Browser already launched via Hooks
2026-04-22 11:06:05 INFO  com.myntra.stepdefinitions.HomePageSteps - Clicked Women menu
2026-04-22 11:06:05 INFO  com.myntra.stepdefinitions.HomePageSteps - Women page displayed
2026-04-22 11:06:05 INFO  com.myntra.hooks.Hooks - Driver is Quit successfully....!
2026-04-22 12:20:58 INFO  com.myntra.hooks.Hooks - Browser opened: chrome
2026-04-22 12:21:01 INFO  com.myntra.hooks.Hooks - Driver is Quit successfully....!
2026-04-22 12:22:57 INFO  com.myntra.hooks.Hooks - Browser opened: chrome
2026-04-22 12:23:00 INFO  com.myntra.stepdefinitions.HomePageSteps - User opens Women page
2026-04-22 12:23:01 INFO  com.myntra.hooks.Hooks - Driver is Quit successfully....!
2026-04-22 12:26:14 INFO  com.myntra.hooks.Hooks - Browser opened: chrome
2026-04-22 12:26:16 INFO  com.myntra.hooks.Hooks - Driver is Quit successfully....!
2026-04-22 12:28:51 INFO  com.myntra.hooks.Hooks - Browser opened: chrome
2026-04-22 12:28:54 INFO  com.myntra.stepdefinitions.HomePageSteps - User is on home page
2026-04-22 12:28:54 INFO  com.myntra.stepdefinitions.HomePageSteps - User opens Women page
2026-04-22 12:28:55 INFO  com.myntra.stepdefinitions.HomePageSteps - Verifying categories list is displayed under Women section
2026-04-22 12:28:55 INFO  com.myntra.stepdefinitions.HomePageSteps - Women categories are displayed successfully
2026-04-22 12:28:55 INFO  com.myntra.hooks.Hooks - Driver is Quit successfully....!
2026-04-22 15:22:22 INFO  com.myntra.hooks.Hooks - Browser opened: chrome
2026-04-22 15:22:25 INFO  com.myntra.stepdefinitions.HomePageTestSteps - User is on Myntra Home Page
2026-04-22 15:22:27 INFO  com.myntra.stepdefinitions.HomePageTestSteps - Before: 50
2026-04-22 15:22:30 INFO  com.myntra.stepdefinitions.HomePageTestSteps - After: 50
2026-04-22 15:22:30 INFO  com.myntra.hooks.Hooks - Driver is Quit successfully....!
2026-04-22 17:07:48 INFO  com.myntra.hooks.Hooks - Browser is opened..!
2026-04-22 17:07:50 INFO  com.myntra.stepdefinitions.HomePageTestSteps - User is on Myntra Home Page
2026-04-22 17:07:54 INFO  com.myntra.stepdefinitions.HomePageTestSteps - Before: 50
2026-04-22 17:07:57 INFO  com.myntra.stepdefinitions.HomePageTestSteps - After: 50
2026-04-22 17:07:57 INFO  com.myntra.hooks.Hooks - Driver is Quit successfully....!
2026-04-22 17:08:56 DEBUG org.apache.poi.openxml4j.opc.PackageRelationshipCollection - Parsing relationship: /xl/_rels/workbook.xml.rels
2026-04-22 17:08:56 DEBUG org.apache.poi.openxml4j.opc.PackageRelationshipCollection - Parsing relationship: /_rels/.rels
2026-04-22 17:11:36 DEBUG org.apache.poi.openxml4j.opc.PackageRelationshipCollection - Parsing relationship: /xl/_rels/workbook.xml.rels
2026-04-22 17:11:36 DEBUG org.apache.poi.openxml4j.opc.PackageRelationshipCollection - Parsing relationship: /_rels/.rels
2026-04-22 17:19:56 DEBUG org.apache.poi.openxml4j.opc.PackageRelationshipCollection - Parsing relationship: /xl/_rels/workbook.xml.rels
2026-04-22 17:19:56 DEBUG org.apache.poi.openxml4j.opc.PackageRelationshipCollection - Parsing relationship: /_rels/.rels
2026-04-22 17:28:59 DEBUG org.apache.poi.openxml4j.opc.PackageRelationshipCollection - Parsing relationship: /xl/_rels/workbook.xml.rels
2026-04-22 17:28:59 DEBUG org.apache.poi.openxml4j.opc.PackageRelationshipCollection - Parsing relationship: /_rels/.rels
2026-04-22 19:34:45 INFO  com.myntra.hooks.Hooks - Browser is opened..!
2026-04-22 19:34:45 INFO  com.myntra.hooks.Hooks - Driver is Quit successfully....!
2026-04-22 19:37:53 INFO  com.myntra.hooks.Hooks - Browser is opened..!
2026-04-22 19:37:59 INFO  com.myntra.hooks.Hooks - Driver is Quit successfully....!
2026-04-22 19:42:45 INFO  com.myntra.hooks.Hooks - Browser is opened..!
2026-04-22 19:43:13 INFO  com.myntra.hooks.Hooks - Driver is Quit successfully....!
2026-04-22 19:59:53 INFO  com.myntra.hooks.Hooks - Browser is opened..!
2026-04-22 20:00:00 INFO  com.myntra.hooks.Hooks - Driver is Quit successfully....!
2026-04-22 20:22:56 INFO  com.myntra.hooks.Hooks - Browser is opened..!
2026-04-22 20:23:01 INFO  com.myntra.hooks.Hooks - Driver is Quit successfully....!
2026-04-22 20:35:34 INFO  com.myntra.hooks.Hooks - Browser is opened..!
2026-04-22 20:35:37 INFO  com.myntra.stepdefinitions.HomePageTestSteps - User pressed search without entering any product
2026-04-22 20:35:37 WARN  com.myntra.stepdefinitions.HomePageTestSteps - Blank search handled correctly
2026-04-22 20:35:37 INFO  com.myntra.hooks.Hooks - Driver is Quit successfully....!
2026-04-22 21:39:47 INFO  com.myntra.hooks.Hooks - Browser is opened..!
2026-04-22 21:39:50 INFO  com.myntra.stepdefinitions.HomePageTestSteps - Browser launched
2026-04-22 21:39:50 INFO  com.myntra.stepdefinitions.HomePageTestSteps - Clicked Women menu
2026-04-22 21:39:50 INFO  com.myntra.stepdefinitions.HomePageTestSteps - Women page displayed
2026-04-22 21:39:50 INFO  com.myntra.hooks.Hooks - Driver is Quit successfully....!
2026-04-22 21:39:51 INFO  com.myntra.hooks.Hooks - Browser is opened..!
2026-04-22 21:39:53 INFO  com.myntra.stepdefinitions.HomePageTestSteps - User is on home page
2026-04-22 21:39:53 INFO  com.myntra.stepdefinitions.HomePageTestSteps - User opens Women page
2026-04-22 21:39:53 INFO  com.myntra.stepdefinitions.HomePageTestSteps - Verifying categories list is displayed under Women section
2026-04-22 21:39:54 INFO  com.myntra.stepdefinitions.HomePageTestSteps - Women categories are displayed successfully
2026-04-22 21:39:54 INFO  com.myntra.hooks.Hooks - Driver is Quit successfully....!
2026-04-22 21:39:55 INFO  com.myntra.hooks.Hooks - Browser is opened..!
2026-04-22 21:39:56 INFO  com.myntra.hooks.Hooks - Driver is Quit successfully....!
2026-04-22 21:39:57 INFO  com.myntra.hooks.Hooks - Browser is opened..!
2026-04-22 21:40:01 INFO  com.myntra.hooks.Hooks - Driver is Quit successfully....!
2026-04-22 21:40:02 INFO  com.myntra.hooks.Hooks - Browser is opened..!
2026-04-22 21:40:06 INFO  com.myntra.stepdefinitions.HomePageTestSteps - User pressed search without entering any product
2026-04-22 21:40:06 WARN  com.myntra.stepdefinitions.HomePageTestSteps - Blank search handled correctly
2026-04-22 21:40:07 INFO  com.myntra.hooks.Hooks - Driver is Quit successfully....!
2026-04-22 21:40:07 INFO  com.myntra.hooks.Hooks - Browser is opened..!
2026-04-22 21:40:11 INFO  com.myntra.stepdefinitions.HomePageTestSteps - User is on Myntra Home Page
2026-04-22 21:40:15 INFO  com.myntra.stepdefinitions.HomePageTestSteps - Before: 50
2026-04-22 21:40:16 INFO  com.myntra.hooks.Hooks - Driver is Quit successfully....!
